<?xml version="1.0" encoding="UTF-8"?>
<testsuite xmlns:xsi="http://www.w3.org/2001/XMLSchema-instance" xsi:noNamespaceSchemaLocation="https://maven.apache.org/surefire/maven-surefire-plugin/xsd/surefire-test-report.xsd" name="org.bdd.automation.restass.com.AppTest" time="0.826" tests="1" errors="0" skipped="0" failures="0">
  <properties>
    <property name="sun.desktop" value="windows"/>
    <property name="awt.toolkit" value="sun.awt.windows.WToolkit"/>
    <property name="file.encoding.pkg" value="sun.io"/>
    <property name="java.specification.version" value="1.8"/>
    <property name="sun.cpu.isalist" value="amd64"/>
    <property name="sun.jnu.encoding" value="Cp1252"/>
    <property name="java.class.path" value="G:\RestAssured\coursesApi\target\test-classes;G:\RestAssured\coursesApi\target\classes;C:\Users\chait\.m2\repository\junit\junit\4.10\junit-4.10.jar;C:\Users\chait\.m2\repository\org\hamcrest\hamcrest-core\1.1\hamcrest-core-1.1.jar;C:\Users\chait\.m2\repository\com\google\code\gson\gson\2.8.0\gson-2.8.0.jar;C:\Users\chait\.m2\repository\io\rest-assured\rest-assured\4.3.3\rest-assured-4.3.3.jar;C:\Users\chait\.m2\repository\org\codehaus\groovy\groovy\3.0.7\groovy-3.0.7.jar;C:\Users\chait\.m2\repository\org\codehaus\groovy\groovy-xml\3.0.7\groovy-xml-3.0.7.jar;C:\Users\chait\.m2\repository\org\apache\httpcomponents\httpclient\4.5.3\httpclient-4.5.3.jar;C:\Users\chait\.m2\repository\org\apache\httpcomponents\httpcore\4.4.6\httpcore-4.4.6.jar;C:\Users\chait\.m2\repository\commons-logging\commons-logging\1.2\commons-logging-1.2.jar;C:\Users\chait\.m2\repository\commons-codec\commons-codec\1.9\commons-codec-1.9.jar;C:\Users\chait\.m2\repository\org\apache\httpcomponents\httpmime\4.5.3\httpmime-4.5.3.jar;C:\Users\chait\.m2\repository\org\hamcrest\hamcrest\2.1\hamcrest-2.1.jar;C:\Users\chait\.m2\repository\org\ccil\cowan\tagsoup\tagsoup\1.2.1\tagsoup-1.2.1.jar;C:\Users\chait\.m2\repository\io\rest-assured\json-path\4.3.3\json-path-4.3.3.jar;C:\Users\chait\.m2\repository\org\codehaus\groovy\groovy-json\3.0.7\groovy-json-3.0.7.jar;C:\Users\chait\.m2\repository\io\rest-assured\rest-assured-common\4.3.3\rest-assured-common-4.3.3.jar;C:\Users\chait\.m2\repository\io\rest-assured\xml-path\4.3.3\xml-path-4.3.3.jar;C:\Users\chait\.m2\repository\org\apache\commons\commons-lang3\3.11\commons-lang3-3.11.jar;C:\Users\chait\.m2\repository\jakarta\xml\bind\jakarta.xml.bind-api\2.3.3\jakarta.xml.bind-api-2.3.3.jar;C:\Users\chait\.m2\repository\jakarta\activation\jakarta.activation-api\1.2.2\jakarta.activation-api-1.2.2.jar;C:\Users\chait\.m2\repository\com\sun\xml\bind\jaxb-impl\2.3.3\jaxb-impl-2.3.3.jar;C:\Users\chait\.m2\repository\org\testng\testng\6.14.3\testng-6.14.3.jar;C:\Users\chait\.m2\repository\com\beust\jcommander\1.72\jcommander-1.72.jar;C:\Users\chait\.m2\repository\org\apache-extras\beanshell\bsh\2.0b6\bsh-2.0b6.jar;C:\Users\chait\.m2\repository\io\cucumber\cucumber-junit\6.6.0\cucumber-junit-6.6.0.jar;C:\Users\chait\.m2\repository\org\apiguardian\apiguardian-api\1.1.0\apiguardian-api-1.1.0.jar;C:\Users\chait\.m2\repository\io\cucumber\cucumber-core\6.6.0\cucumber-core-6.6.0.jar;C:\Users\chait\.m2\repository\io\cucumber\cucumber-gherkin\6.6.0\cucumber-gherkin-6.6.0.jar;C:\Users\chait\.m2\repository\io\cucumber\cucumber-gherkin-messages\6.6.0\cucumber-gherkin-messages-6.6.0.jar;C:\Users\chait\.m2\repository\io\cucumber\messages\13.0.1\messages-13.0.1.jar;C:\Users\chait\.m2\repository\io\cucumber\tag-expressions\3.0.0\tag-expressions-3.0.0.jar;C:\Users\chait\.m2\repository\io\cucumber\cucumber-expressions\10.3.0\cucumber-expressions-10.3.0.jar;C:\Users\chait\.m2\repository\io\cucumber\datatable\3.4.0\datatable-3.4.0.jar;C:\Users\chait\.m2\repository\io\cucumber\cucumber-plugin\6.6.0\cucumber-plugin-6.6.0.jar;C:\Users\chait\.m2\repository\io\cucumber\docstring\6.6.0\docstring-6.6.0.jar;C:\Users\chait\.m2\repository\io\cucumber\html-formatter\9.0.0\html-formatter-9.0.0.jar;C:\Users\chait\.m2\repository\io\cucumber\create-meta\2.0.1\create-meta-2.0.1.jar;C:\Users\chait\.m2\repository\info\cukes\cucumber-junit\1.0.2\cucumber-junit-1.0.2.jar;C:\Users\chait\.m2\repository\info\cukes\cucumber-core\1.0.2\cucumber-core-1.0.2.jar;C:\Users\chait\.m2\repository\info\cukes\gherkin\2.9.3\gherkin-2.9.3.jar;C:\Users\chait\.m2\repository\info\cukes\cucumber-html\0.2.1\cucumber-html-0.2.1.jar;C:\Users\chait\.m2\repository\info\cukes\cucumber-java\1.0.2\cucumber-java-1.0.2.jar;C:\Users\chait\.m2\repository\com\fasterxml\jackson\core\jackson-core\2.12.1\jackson-core-2.12.1.jar;C:\Users\chait\.m2\repository\com\fasterxml\jackson\core\jackson-databind\2.12.1\jackson-databind-2.12.1.jar;C:\Users\chait\.m2\repository\com\fasterxml\jackson\core\jackson-annotations\2.12.1\jackson-annotations-2.12.1.jar;C:\Users\chait\.m2\repository\io\cucumber\cucumber-java\5.5.0\cucumber-java-5.5.0.jar;"/>
    <property name="java.vm.vendor" value="Oracle Corporation"/>
    <property name="sun.arch.data.model" value="64"/>
    <property name="user.variant" value=""/>
    <property name="java.vendor.url" value="http://java.oracle.com/"/>
    <property name="user.timezone" value="Asia/Calcutta"/>
    <property name="user.country.format" value="VU"/>
    <property name="java.vm.specification.version" value="1.8"/>
    <property name="os.name" value="Windows 10"/>
    <property name="user.country" value="US"/>
    <property name="sun.java.launcher" value="SUN_STANDARD"/>
    <property name="sun.boot.library.path" value="C:\Jdk\jre\bin"/>
    <property name="sun.java.command" value="C:\Users\chait\AppData\Local\Temp\surefire3888127421265765785\surefirebooter1951264184446090753.jar C:\Users\chait\AppData\Local\Temp\surefire3888127421265765785 2021-06-06T09-39-25_455-jvmRun1 surefire4908063799199491388tmp surefire_07542962283268715704tmp"/>
    <property name="surefire.test.class.path" value="G:\RestAssured\coursesApi\target\test-classes;G:\RestAssured\coursesApi\target\classes;C:\Users\chait\.m2\repository\junit\junit\4.10\junit-4.10.jar;C:\Users\chait\.m2\repository\org\hamcrest\hamcrest-core\1.1\hamcrest-core-1.1.jar;C:\Users\chait\.m2\repository\com\google\code\gson\gson\2.8.0\gson-2.8.0.jar;C:\Users\chait\.m2\repository\io\rest-assured\rest-assured\4.3.3\rest-assured-4.3.3.jar;C:\Users\chait\.m2\repository\org\codehaus\groovy\groovy\3.0.7\groovy-3.0.7.jar;C:\Users\chait\.m2\repository\org\codehaus\groovy\groovy-xml\3.0.7\groovy-xml-3.0.7.jar;C:\Users\chait\.m2\repository\org\apache\httpcomponents\httpclient\4.5.3\httpclient-4.5.3.jar;C:\Users\chait\.m2\repository\org\apache\httpcomponents\httpcore\4.4.6\httpcore-4.4.6.jar;C:\Users\chait\.m2\repository\commons-logging\commons-logging\1.2\commons-logging-1.2.jar;C:\Users\chait\.m2\repository\commons-codec\commons-codec\1.9\commons-codec-1.9.jar;C:\Users\chait\.m2\repository\org\apache\httpcomponents\httpmime\4.5.3\httpmime-4.5.3.jar;C:\Users\chait\.m2\repository\org\hamcrest\hamcrest\2.1\hamcrest-2.1.jar;C:\Users\chait\.m2\repository\org\ccil\cowan\tagsoup\tagsoup\1.2.1\tagsoup-1.2.1.jar;C:\Users\chait\.m2\repository\io\rest-assured\json-path\4.3.3\json-path-4.3.3.jar;C:\Users\chait\.m2\repository\org\codehaus\groovy\groovy-json\3.0.7\groovy-json-3.0.7.jar;C:\Users\chait\.m2\repository\io\rest-assured\rest-assured-common\4.3.3\rest-assured-common-4.3.3.jar;C:\Users\chait\.m2\repository\io\rest-assured\xml-path\4.3.3\xml-path-4.3.3.jar;C:\Users\chait\.m2\repository\org\apache\commons\commons-lang3\3.11\commons-lang3-3.11.jar;C:\Users\chait\.m2\repository\jakarta\xml\bind\jakarta.xml.bind-api\2.3.3\jakarta.xml.bind-api-2.3.3.jar;C:\Users\chait\.m2\repository\jakarta\activation\jakarta.activation-api\1.2.2\jakarta.activation-api-1.2.2.jar;C:\Users\chait\.m2\repository\com\sun\xml\bind\jaxb-impl\2.3.3\jaxb-impl-2.3.3.jar;C:\Users\chait\.m2\repository\org\testng\testng\6.14.3\testng-6.14.3.jar;C:\Users\chait\.m2\repository\com\beust\jcommander\1.72\jcommander-1.72.jar;C:\Users\chait\.m2\repository\org\apache-extras\beanshell\bsh\2.0b6\bsh-2.0b6.jar;C:\Users\chait\.m2\repository\io\cucumber\cucumber-junit\6.6.0\cucumber-junit-6.6.0.jar;C:\Users\chait\.m2\repository\org\apiguardian\apiguardian-api\1.1.0\apiguardian-api-1.1.0.jar;C:\Users\chait\.m2\repository\io\cucumber\cucumber-core\6.6.0\cucumber-core-6.6.0.jar;C:\Users\chait\.m2\repository\io\cucumber\cucumber-gherkin\6.6.0\cucumber-gherkin-6.6.0.jar;C:\Users\chait\.m2\repository\io\cucumber\cucumber-gherkin-messages\6.6.0\cucumber-gherkin-messages-6.6.0.jar;C:\Users\chait\.m2\repository\io\cucumber\messages\13.0.1\messages-13.0.1.jar;C:\Users\chait\.m2\repository\io\cucumber\tag-expressions\3.0.0\tag-expressions-3.0.0.jar;C:\Users\chait\.m2\repository\io\cucumber\cucumber-expressions\10.3.0\cucumber-expressions-10.3.0.jar;C:\Users\chait\.m2\repository\io\cucumber\datatable\3.4.0\datatable-3.4.0.jar;C:\Users\chait\.m2\repository\io\cucumber\cucumber-plugin\6.6.0\cucumber-plugin-6.6.0.jar;C:\Users\chait\.m2\repository\io\cucumber\docstring\6.6.0\docstring-6.6.0.jar;C:\Users\chait\.m2\repository\io\cucumber\html-formatter\9.0.0\html-formatter-9.0.0.jar;C:\Users\chait\.m2\repository\io\cucumber\create-meta\2.0.1\create-meta-2.0.1.jar;C:\Users\chait\.m2\repository\info\cukes\cucumber-junit\1.0.2\cucumber-junit-1.0.2.jar;C:\Users\chait\.m2\repository\info\cukes\cucumber-core\1.0.2\cucumber-core-1.0.2.jar;C:\Users\chait\.m2\repository\info\cukes\gherkin\2.9.3\gherkin-2.9.3.jar;C:\Users\chait\.m2\repository\info\cukes\cucumber-html\0.2.1\cucumber-html-0.2.1.jar;C:\Users\chait\.m2\repository\info\cukes\cucumber-java\1.0.2\cucumber-java-1.0.2.jar;C:\Users\chait\.m2\repository\com\fasterxml\jackson\core\jackson-core\2.12.1\jackson-core-2.12.1.jar;C:\Users\chait\.m2\repository\com\fasterxml\jackson\core\jackson-databind\2.12.1\jackson-databind-2.12.1.jar;C:\Users\chait\.m2\repository\com\fasterxml\jackson\core\jackson-annotations\2.12.1\jackson-annotations-2.12.1.jar;C:\Users\chait\.m2\repository\io\cucumber\cucumber-java\5.5.0\cucumber-java-5.5.0.jar;"/>
    <property name="sun.cpu.endian" value="little"/>
    <property name="user.home" value="C:\Users\chait"/>
    <property name="user.language" value="en"/>
    <property name="java.specification.vendor" value="Oracle Corporation"/>
    <property name="java.home" value="C:\Jdk\jre"/>
    <property name="basedir" value="G:\RestAssured\coursesApi"/>
    <property name="file.separator" value="\"/>
    <property name="line.separator" value="&#10;"/>
    <property name="java.vm.specification.vendor" value="Oracle Corporation"/>
    <property name="java.specification.name" value="Java Platform API Specification"/>
    <property name="java.awt.graphicsenv" value="sun.awt.Win32GraphicsEnvironment"/>
    <property name="surefire.real.class.path" value="C:\Users\chait\AppData\Local\Temp\surefire3888127421265765785\surefirebooter1951264184446090753.jar"/>
    <property name="sun.boot.class.path" value="C:\Jdk\jre\lib\resources.jar;C:\Jdk\jre\lib\rt.jar;C:\Jdk\jre\lib\sunrsasign.jar;C:\Jdk\jre\lib\jsse.jar;C:\Jdk\jre\lib\jce.jar;C:\Jdk\jre\lib\charsets.jar;C:\Jdk\jre\lib\jfr.jar;C:\Jdk\jre\classes"/>
    <property name="user.script" value=""/>
    <property name="sun.management.compiler" value="HotSpot 64-Bit Tiered Compilers"/>
    <property name="java.runtime.version" value="1.8.0_231-b11"/>
    <property name="user.name" value="chait"/>
    <property name="path.separator" value=";"/>
    <property name="os.version" value="10.0"/>
    <property name="java.endorsed.dirs" value="C:\Jdk\jre\lib\endorsed"/>
    <property name="java.runtime.name" value="Java(TM) SE Runtime Environment"/>
    <property name="file.encoding" value="Cp1252"/>
    <property name="java.vm.name" value="Java HotSpot(TM) 64-Bit Server VM"/>
    <property name="localRepository" value="C:\Users\chait\.m2\repository"/>
    <property name="java.vendor.url.bug" value="http://bugreport.sun.com/bugreport/"/>
    <property name="java.io.tmpdir" value="C:\Users\chait\AppData\Local\Temp\"/>
    <property name="java.version" value="1.8.0_231"/>
    <property name="user.dir" value="G:\RestAssured\coursesApi"/>
    <property name="os.arch" value="amd64"/>
    <property name="java.vm.specification.name" value="Java Virtual Machine Specification"/>
    <property name="java.awt.printerjob" value="sun.awt.windows.WPrinterJob"/>
    <property name="sun.os.patch.level" value=""/>
    <property name="java.library.path" value="C:\Jdk\jre\bin;C:\WINDOWS\Sun\Java\bin;C:\WINDOWS\system32;C:\WINDOWS;C:\Program Files (x86)\Common Files\Oracle\Java\javapath;C:\Program Files\MongoDB\Server\4.2\bin;C:\WINDOWS\system32;C:\WINDOWS;C:\WINDOWS\System32\Wbem;C:\WINDOWS\System32\WindowsPowerShell\v1.0\;C:\WINDOWS\System32\OpenSSH\;F:\IDE;C:\Program Files\PuTTY\;F:\Node JS\;F:\Amazon\AWSCLI\bin\;%SPARK_HOME%\bin;F:\Virtual Box;F:\Scala\bin;F:\Git\cmd;F:\SBT\bin;F:\derby\bin;F:\hadoop\bin;F:\hadoop\sbin;F:\Vagrant\bin;F:\Sqoop\sqoop-1.4.7.bin__hadoop-2.6.0\\bin\;F:\Amazon\AWSCLIV2\;C:\Program Files\dotnet\;C:\Program Files\Docker\Docker\resources\bin;C:\ProgramData\DockerDesktop\version-bin;C:\Users\chait\AppData\Local\Microsoft\WindowsApps;C:\Jdk\bin;F:\Python;C:\Users\chait\AppData\Roaming\npm;F:\Microsoft VS Code\bin;F:\Python\Scripts;F:\Amazon\AWSCLI;F:\spark-2.4.5\bin;F:\MinGW\bin;F:\Virtual Box;F:\Gatling\gatling-charts\bin;F:\Maven\apache-maven-3.6.3-bin\apache-maven-3.6.3\bin;C:\Program Files\JetBrains\IntelliJ IDEA Community Edition 2019.3.4\bin;;%JENKIINS_HOME%;C:\Program Files\MySQL\MySQL Server 8.0\\bin;F:\Scala\\bin;F:\SBT\bin;F:\hadoop\\bin;;."/>
    <property name="java.vm.info" value="mixed mode"/>
    <property name="java.vendor" value="Oracle Corporation"/>
    <property name="java.vm.version" value="25.231-b11"/>
    <property name="java.ext.dirs" value="C:\Jdk\jre\lib\ext;C:\WINDOWS\Sun\Java\lib\ext"/>
    <property name="sun.io.unicode.encoding" value="UnicodeLittle"/>
    <property name="java.class.version" value="52.0"/>
  </properties>
  <testcase name="shouldAnswerWithTrue on shouldAnswerWithTrue(org.bdd.automation.restass.com.AppTest)" classname="org.bdd.automation.restass.com.AppTest" time="0.003"/>
</testsuite>