<?xml version="1.0" encoding="UTF-8"?>
<!-- Generated by org.testng.reporters.JUnitReportReporter -->
<testsuite skipped="0" hostname="Chaitu" name="org.bdd.automation.restass.com.AppTest" tests="1" failures="0" timestamp="12 Jun 2021 19:04:10 GMT" time="0.004" errors="0">
  <testcase name="shouldAnswerWithTrue" time="0.004" classname="org.bdd.automation.restass.com.AppTest"/>
</testsuite> <!-- org.bdd.automation.restass.com.AppTest -->
